# JRE version: OpenJDK Runtime Environment (8.0_242) (build 1.8.0_242-release-1644-b3-6222593)
# Java VM: OpenJDK 64-Bit Server VM (25.242-b3-6222593 mixed mode linux-amd64 compressed oops)
Heap:
 PSYoungGen      total 403968K, used 28618K [0x00000000e0000000, 0x00000000ffe00000, 0x0000000100000000)
  eden space 302592K, 0% used [0x00000000e0000000,0x00000000e0000000,0x00000000f2780000)
  from space 101376K, 28% used [0x00000000f2780000,0x00000000f4372bf0,0x00000000f8a80000)
  to   space 94720K, 0% used [0x00000000fa180000,0x00000000fa180000,0x00000000ffe00000)
 ParOldGen       total 531968K, used 514916K [0x00000000a0000000, 0x00000000c0780000, 0x00000000e0000000)
  object space 531968K, 96% used [0x00000000a0000000,0x00000000bf6d9018,0x00000000c0780000)
 Metaspace       used 191292K, capacity 200758K, committed 201728K, reserved 1226752K
  class space    used 22439K, capacity 24192K, committed 24320K, reserved 1048576K
GC Heap History (10 events):
Event: 9754.230 GC heap after
Heap after GC invocations=130 (full 7):
 PSYoungGen      total 382464K, used 27022K [0x00000000e0000000, 0x00000000ffa00000, 0x0000000100000000)
  eden space 255488K, 0% used [0x00000000e0000000,0x00000000e0000000,0x00000000ef980000)
  from space 126976K, 21% used [0x00000000ef980000,0x00000000f13e3b68,0x00000000f7580000)
  to   space 119296K, 0% used [0x00000000f8580000,0x00000000f8580000,0x00000000ffa00000)
 ParOldGen       total 531968K, used 455342K [0x00000000a0000000, 0x00000000c0780000, 0x00000000e0000000)
  object space 531968K, 85% used [0x00000000a0000000,0x00000000bbcab968,0x00000000c0780000)
 Metaspace       used 186066K, capacity 195414K, committed 196352K, reserved 1222656K
  class space    used 21912K, capacity 23652K, committed 23808K, reserved 1048576K
}
Event: 9755.571 GC heap before
{Heap before GC invocations=131 (full 7):
 PSYoungGen      total 382464K, used 282510K [0x00000000e0000000, 0x00000000ffa00000, 0x0000000100000000)
  eden space 255488K, 100% used [0x00000000e0000000,0x00000000ef980000,0x00000000ef980000)
  from space 126976K, 21% used [0x00000000ef980000,0x00000000f13e3b68,0x00000000f7580000)
  to   space 119296K, 0% used [0x00000000f8580000,0x00000000f8580000,0x00000000ffa00000)
 ParOldGen       total 531968K, used 455342K [0x00000000a0000000, 0x00000000c0780000, 0x00000000e0000000)
  object space 531968K, 85% used [0x00000000a0000000,0x00000000bbcab968,0x00000000c0780000)
 Metaspace       used 187544K, capacity 196924K, committed 198016K, reserved 1222656K
  class space    used 22053K, capacity 23789K, committed 23936K, reserved 1048576K
Event: 9755.633 GC heap after
Heap after GC invocations=131 (full 7):
 PSYoungGen      total 382464K, used 23650K [0x00000000e0000000, 0x00000000feb80000, 0x0000000100000000)
  eden space 278016K, 0% used [0x00000000e0000000,0x00000000e0000000,0x00000000f0f80000)
  from space 104448K, 22% used [0x00000000f8580000,0x00000000f9c98b10,0x00000000feb80000)
  to   space 112640K, 0% used [0x00000000f0f80000,0x00000000f0f80000,0x00000000f7d80000)
 ParOldGen       total 531968K, used 470968K [0x00000000a0000000, 0x00000000c0780000, 0x00000000e0000000)
  object space 531968K, 88% used [0x00000000a0000000,0x00000000bcbee258,0x00000000c0780000)
 Metaspace       used 187544K, capacity 196924K, committed 198016K, reserved 1222656K
  class space    used 22053K, capacity 23789K, committed 23936K, reserved 1048576K
}
Event: 10065.454 GC heap before
{Heap before GC invocations=132 (full 7):
 PSYoungGen      total 382464K, used 301666K [0x00000000e0000000, 0x00000000feb80000, 0x0000000100000000)
  eden space 278016K, 100% used [0x00000000e0000000,0x00000000f0f80000,0x00000000f0f80000)
  from space 104448K, 22% used [0x00000000f8580000,0x00000000f9c98b10,0x00000000feb80000)
  to   space 112640K, 0% used [0x00000000f0f80000,0x00000000f0f80000,0x00000000f7d80000)
 ParOldGen       total 531968K, used 470968K [0x00000000a0000000, 0x00000000c0780000, 0x00000000e0000000)
  object space 531968K, 88% used [0x00000000a0000000,0x00000000bcbee258,0x00000000c0780000)
 Metaspace       used 187571K, capacity 196988K, committed 198016K, reserved 1222656K
  class space    used 22054K, capacity 23789K, committed 23936K, reserved 1048576K
Event: 10065.504 GC heap after
Heap after GC invocations=132 (full 7):
 PSYoungGen      total 390656K, used 7236K [0x00000000e0000000, 0x0000000100000000, 0x0000000100000000)
  eden space 278016K, 0% used [0x00000000e0000000,0x00000000e0000000,0x00000000f0f80000)
  from space 112640K, 6% used [0x00000000f0f80000,0x00000000f1691008,0x00000000f7d80000)
  to   space 109056K, 0% used [0x00000000f9580000,0x00000000f9580000,0x0000000100000000)
 ParOldGen       total 531968K, used 493094K [0x00000000a0000000, 0x00000000c0780000, 0x00000000e0000000)
  object space 531968K, 92% used [0x00000000a0000000,0x00000000be189a58,0x00000000c0780000)
 Metaspace       used 187571K, capacity 196988K, committed 198016K, reserved 1222656K
  class space    used 22054K, capacity 23789K, committed 23936K, reserved 1048576K
}
Event: 10067.406 GC heap before
{Heap before GC invocations=133 (full 7):
 PSYoungGen      total 390656K, used 285252K [0x00000000e0000000, 0x0000000100000000, 0x0000000100000000)
  eden space 278016K, 100% used [0x00000000e0000000,0x00000000f0f80000,0x00000000f0f80000)
  from space 112640K, 6% used [0x00000000f0f80000,0x00000000f1691008,0x00000000f7d80000)
  to   space 109056K, 0% used [0x00000000f9580000,0x00000000f9580000,0x0000000100000000)
 ParOldGen       total 531968K, used 493094K [0x00000000a0000000, 0x00000000c0780000, 0x00000000e0000000)
  object space 531968K, 92% used [0x00000000a0000000,0x00000000be189a58,0x00000000c0780000)
 Metaspace       used 187756K, capacity 197224K, committed 198400K, reserved 1224704K
  class space    used 22070K, capacity 23829K, committed 24064K, reserved 1048576K
Event: 10067.448 GC heap after
Heap after GC invocations=133 (full 7):
 PSYoungGen      total 392704K, used 29132K [0x00000000e0000000, 0x00000000fed80000, 0x0000000100000000)
  eden space 302592K, 0% used [0x00000000e0000000,0x00000000e0000000,0x00000000f2780000)
  from space 90112K, 32% used [0x00000000f9580000,0x00000000fb1f3250,0x00000000fed80000)
  to   space 101376K, 0% used [0x00000000f2780000,0x00000000f2780000,0x00000000f8a80000)
 ParOldGen       total 531968K, used 495509K [0x00000000a0000000, 0x00000000c0780000, 0x00000000e0000000)
  object space 531968K, 93% used [0x00000000a0000000,0x00000000be3e57c0,0x00000000c0780000)
 Metaspace       used 187756K, capacity 197224K, committed 198400K, reserved 1224704K
  class space    used 22070K, capacity 23829K, committed 24064K, reserved 1048576K
}
Event: 10069.136 GC heap before
{Heap before GC invocations=134 (full 7):
 PSYoungGen      total 392704K, used 331724K [0x00000000e0000000, 0x00000000fed80000, 0x0000000100000000)
  eden space 302592K, 100% used [0x00000000e0000000,0x00000000f2780000,0x00000000f2780000)
  from space 90112K, 32% used [0x00000000f9580000,0x00000000fb1f3250,0x00000000fed80000)
  to   space 101376K, 0% used [0x00000000f2780000,0x00000000f2780000,0x00000000f8a80000)
 ParOldGen       total 531968K, used 495509K [0x00000000a0000000, 0x00000000c0780000, 0x00000000e0000000)
  object space 531968K, 93% used [0x00000000a0000000,0x00000000be3e57c0,0x00000000c0780000)
 Metaspace       used 191292K, capacity 200758K, committed 201728K, reserved 1226752K
  class space    used 22439K, capacity 24192K, committed 24320K, reserved 1048576K
Event: 10069.213 GC heap after
Heap after GC invocations=134 (full 7):
 PSYoungGen      total 403968K, used 28618K [0x00000000e0000000, 0x00000000ffe00000, 0x0000000100000000)
  eden space 302592K, 0% used [0x00000000e0000000,0x00000000e0000000,0x00000000f2780000)
  from space 101376K, 28% used [0x00000000f2780000,0x00000000f4372bf0,0x00000000f8a80000)
  to   space 94720K, 0% used [0x00000000fa180000,0x00000000fa180000,0x00000000ffe00000)
 ParOldGen       total 531968K, used 514916K [0x00000000a0000000, 0x00000000c0780000, 0x00000000e0000000)
  object space 531968K, 96% used [0x00000000a0000000,0x00000000bf6d9018,0x00000000c0780000)
 Metaspace       used 191292K, capacity 200758K, committed 201728K, reserved 1226752K
  class space    used 22439K, capacity 24192K, committed 24320K, reserved 1048576K
}
Event: 10069.213 GC heap before
{Heap before GC invocations=135 (full 8):
 PSYoungGen      total 403968K, used 28618K [0x00000000e0000000, 0x00000000ffe00000, 0x0000000100000000)
  eden space 302592K, 0% used [0x00000000e0000000,0x00000000e0000000,0x00000000f2780000)
  from space 101376K, 28% used [0x00000000f2780000,0x00000000f4372bf0,0x00000000f8a80000)
  to   space 94720K, 0% used [0x00000000fa180000,0x00000000fa180000,0x00000000ffe00000)
 ParOldGen       total 531968K, used 514916K [0x00000000a0000000, 0x00000000c0780000, 0x00000000e0000000)
  object space 531968K, 96% used [0x00000000a0000000,0x00000000bf6d9018,0x00000000c0780000)
 Metaspace       used 191292K, capacity 200758K, committed 201728K, reserved 1226752K
  class space    used 22439K, capacity 24192K, committed 24320K, reserved 1048576K

